{"/Users/dubba/Code/thatwall/db.js": {"path":"/Users/dubba/Code/thatwall/db.js","statementMap":{"0":{"start":{"line":1,"column":18},"end":{"line":1,"column":38}},"1":{"start":{"line":3,"column":0},"end":{"line":3,"column":54}}},"fnMap":{},"branchMap":{},"s":{"0":1,"1":1},"f":{},"b":{},"_coverageSchema":"43e27e138ebf9cfc5966b082cf9a028302ed4184","hash":"30310cb74e8e0a7e6638952fc0815c3361470625"}
,"/Users/dubba/Code/thatwall/models/User.js": {"path":"/Users/dubba/Code/thatwall/models/User.js","statementMap":{"0":{"start":{"line":1,"column":18},"end":{"line":1,"column":38}},"1":{"start":{"line":2,"column":11},"end":{"line":2,"column":27}},"2":{"start":{"line":4,"column":13},"end":{"line":31,"column":1}},"3":{"start":{"line":33,"column":0},"end":{"line":33,"column":22}}},"fnMap":{},"branchMap":{},"s":{"0":1,"1":1,"2":1,"3":1},"f":{},"b":{},"_coverageSchema":"43e27e138ebf9cfc5966b082cf9a028302ed4184","hash":"6d25b9f1b4de1012c706cba28054ed57d4b64036"}
,"/Users/dubba/Code/thatwall/routes/signup.js": {"path":"/Users/dubba/Code/thatwall/routes/signup.js","statementMap":{"0":{"start":{"line":1,"column":16},"end":{"line":1,"column":34}},"1":{"start":{"line":2,"column":18},"end":{"line":2,"column":44}},"2":{"start":{"line":3,"column":15},"end":{"line":3,"column":32}},"3":{"start":{"line":4,"column":14},"end":{"line":4,"column":30}},"4":{"start":{"line":5,"column":18},"end":{"line":5,"column":38}},"5":{"start":{"line":6,"column":13},"end":{"line":6,"column":38}},"6":{"start":{"line":8,"column":0},"end":{"line":107,"column":2}},"7":{"start":{"line":9,"column":2},"end":{"line":9,"column":29}},"8":{"start":{"line":11,"column":2},"end":{"line":13,"column":5}},"9":{"start":{"line":12,"column":4},"end":{"line":12,"column":42}},"10":{"start":{"line":15,"column":2},"end":{"line":104,"column":5}},"11":{"start":{"line":16,"column":44},"end":{"line":16,"column":52}},"12":{"start":{"line":20,"column":4},"end":{"line":25,"column":5}},"13":{"start":{"line":21,"column":6},"end":{"line":24,"column":9}},"14":{"start":{"line":26,"column":4},"end":{"line":30,"column":5}},"15":{"start":{"line":27,"column":6},"end":{"line":29,"column":9}},"16":{"start":{"line":32,"column":4},"end":{"line":34,"column":5}},"17":{"start":{"line":33,"column":6},"end":{"line":33,"column":71}},"18":{"start":{"line":36,"column":4},"end":{"line":40,"column":5}},"19":{"start":{"line":37,"column":6},"end":{"line":39,"column":9}},"20":{"start":{"line":41,"column":4},"end":{"line":50,"column":5}},"21":{"start":{"line":46,"column":6},"end":{"line":49,"column":9}},"22":{"start":{"line":53,"column":4},"end":{"line":103,"column":5}},"23":{"start":{"line":54,"column":24},"end":{"line":58,"column":8}},"24":{"start":{"line":60,"column":6},"end":{"line":100,"column":7}},"25":{"start":{"line":61,"column":8},"end":{"line":61,"column":69}},"26":{"start":{"line":63,"column":21},"end":{"line":63,"column":48}},"27":{"start":{"line":65,"column":22},"end":{"line":70,"column":10}},"28":{"start":{"line":72,"column":24},"end":{"line":78,"column":9}},"29":{"start":{"line":81,"column":18},"end":{"line":81,"column":60}},"30":{"start":{"line":84,"column":26},"end":{"line":89,"column":9}},"31":{"start":{"line":91,"column":8},"end":{"line":99,"column":13}},"32":{"start":{"line":94,"column":12},"end":{"line":94,"column":42}},"33":{"start":{"line":95,"column":12},"end":{"line":95,"column":39}},"34":{"start":{"line":98,"column":12},"end":{"line":98,"column":39}},"35":{"start":{"line":102,"column":6},"end":{"line":102,"column":40}},"36":{"start":{"line":106,"column":2},"end":{"line":106,"column":16}}},"fnMap":{"0":{"name":"(anonymous_0)","decl":{"start":{"line":8,"column":17},"end":{"line":8,"column":18}},"loc":{"start":{"line":8,"column":48},"end":{"line":107,"column":1}},"line":8},"1":{"name":"(anonymous_1)","decl":{"start":{"line":11,"column":18},"end":{"line":11,"column":19}},"loc":{"start":{"line":11,"column":32},"end":{"line":13,"column":3}},"line":11},"2":{"name":"(anonymous_2)","decl":{"start":{"line":15,"column":19},"end":{"line":15,"column":20}},"loc":{"start":{"line":15,"column":39},"end":{"line":104,"column":3}},"line":15},"3":{"name":"(anonymous_3)","decl":{"start":{"line":93,"column":16},"end":{"line":93,"column":17}},"loc":{"start":{"line":93,"column":32},"end":{"line":96,"column":11}},"line":93},"4":{"name":"(anonymous_4)","decl":{"start":{"line":97,"column":17},"end":{"line":97,"column":18}},"loc":{"start":{"line":97,"column":24},"end":{"line":99,"column":11}},"line":97}},"branchMap":{"0":{"loc":{"start":{"line":8,"column":18},"end":{"line":8,"column":43}},"type":"default-arg","locations":[{"start":{"line":8,"column":27},"end":{"line":8,"column":43}}],"line":8},"1":{"loc":{"start":{"line":20,"column":4},"end":{"line":25,"column":5}},"type":"if","locations":[{"start":{"line":20,"column":4},"end":{"line":25,"column":5}},{"start":{"line":20,"column":4},"end":{"line":25,"column":5}}],"line":20},"2":{"loc":{"start":{"line":26,"column":4},"end":{"line":30,"column":5}},"type":"if","locations":[{"start":{"line":26,"column":4},"end":{"line":30,"column":5}},{"start":{"line":26,"column":4},"end":{"line":30,"column":5}}],"line":26},"3":{"loc":{"start":{"line":32,"column":4},"end":{"line":34,"column":5}},"type":"if","locations":[{"start":{"line":32,"column":4},"end":{"line":34,"column":5}},{"start":{"line":32,"column":4},"end":{"line":34,"column":5}}],"line":32},"4":{"loc":{"start":{"line":36,"column":4},"end":{"line":40,"column":5}},"type":"if","locations":[{"start":{"line":36,"column":4},"end":{"line":40,"column":5}},{"start":{"line":36,"column":4},"end":{"line":40,"column":5}}],"line":36},"5":{"loc":{"start":{"line":41,"column":4},"end":{"line":50,"column":5}},"type":"if","locations":[{"start":{"line":41,"column":4},"end":{"line":50,"column":5}},{"start":{"line":41,"column":4},"end":{"line":50,"column":5}}],"line":41},"6":{"loc":{"start":{"line":42,"column":6},"end":{"line":44,"column":40}},"type":"binary-expr","locations":[{"start":{"line":42,"column":6},"end":{"line":42,"column":40}},{"start":{"line":43,"column":6},"end":{"line":43,"column":40}},{"start":{"line":44,"column":6},"end":{"line":44,"column":40}}],"line":42},"7":{"loc":{"start":{"line":60,"column":6},"end":{"line":100,"column":7}},"type":"if","locations":[{"start":{"line":60,"column":6},"end":{"line":100,"column":7}},{"start":{"line":60,"column":6},"end":{"line":100,"column":7}}],"line":60}},"s":{"0":1,"1":1,"2":1,"3":1,"4":1,"5":1,"6":1,"7":1,"8":1,"9":0,"10":1,"11":0,"12":0,"13":0,"14":0,"15":0,"16":0,"17":0,"18":0,"19":0,"20":0,"21":0,"22":0,"23":0,"24":0,"25":0,"26":0,"27":0,"28":0,"29":0,"30":0,"31":0,"32":0,"33":0,"34":0,"35":0,"36":1},"f":{"0":1,"1":0,"2":0,"3":0,"4":0},"b":{"0":[1],"1":[0,0],"2":[0,0],"3":[0,0],"4":[0,0],"5":[0,0],"6":[0,0,0],"7":[0,0]},"_coverageSchema":"43e27e138ebf9cfc5966b082cf9a028302ed4184","hash":"e054be57dc83c49a2172d3ee0a4605ea7154d658"}
,"/Users/dubba/Code/thatwall/routes/signupConfirm.js": {"path":"/Users/dubba/Code/thatwall/routes/signupConfirm.js","statementMap":{"0":{"start":{"line":1,"column":0},"end":{"line":34,"column":2}},"1":{"start":{"line":3,"column":21},"end":{"line":13,"column":5}},"2":{"start":{"line":16,"column":13},"end":{"line":31,"column":4}},"3":{"start":{"line":33,"column":2},"end":{"line":33,"column":14}}},"fnMap":{"0":{"name":"(anonymous_0)","decl":{"start":{"line":1,"column":17},"end":{"line":1,"column":18}},"loc":{"start":{"line":1,"column":26},"end":{"line":34,"column":1}},"line":1}},"branchMap":{},"s":{"0":1,"1":0,"2":0,"3":0},"f":{"0":0},"b":{},"_coverageSchema":"43e27e138ebf9cfc5966b082cf9a028302ed4184","hash":"5de67c98416dade2ea124b9d0ef3fbb26c9ef832"}
}
